<?xml version="1.0" encoding="UTF-8"?>
<coverage generated="1547694670418" clover="3.2.0">
  <project timestamp="1547694670418" name="All files">
    <metrics statements="82" coveredstatements="81" conditionals="17" coveredconditionals="17" methods="26" coveredmethods="24" elements="125" coveredelements="122" complexity="0" loc="82" ncloc="82" packages="4" files="11" classes="11">
      <package name="js">
        <metrics statements="1" coveredstatements="1" conditionals="0" coveredconditionals="0" methods="1" coveredmethods="1"/>
        <file name="store.js" path="/Users/gouravnema/Projects/interview/buildit/src/ui/js/store.js">
          <metrics statements="1" coveredstatements="1" conditionals="0" coveredconditionals="0" methods="1" coveredmethods="1"/>
          <line num="5" count="1" type="stmt"/>
        </file>
      </package>
      <package name="js.components">
        <metrics statements="51" coveredstatements="50" conditionals="12" coveredconditionals="12" methods="12" coveredmethods="11"/>
        <file name="DayCard.js" path="/Users/gouravnema/Projects/interview/buildit/src/ui/js/components/DayCard.js">
          <metrics statements="25" coveredstatements="25" conditionals="10" coveredconditionals="10" methods="4" coveredmethods="4"/>
          <line num="7" count="8" type="stmt"/>
          <line num="8" count="8" type="stmt"/>
          <line num="9" count="8" type="stmt"/>
          <line num="13" count="10" type="stmt"/>
          <line num="14" count="10" type="stmt"/>
          <line num="15" count="10" type="stmt"/>
          <line num="16" count="10" type="stmt"/>
          <line num="18" count="10" type="stmt"/>
          <line num="19" count="72" type="stmt"/>
          <line num="20" count="72" type="cond" truecount="2" falsecount="0"/>
          <line num="21" count="37" type="stmt"/>
          <line num="22" count="37" type="stmt"/>
          <line num="24" count="72" type="cond" truecount="2" falsecount="0"/>
          <line num="25" count="12" type="stmt"/>
          <line num="26" count="12" type="stmt"/>
          <line num="29" count="72" type="cond" truecount="2" falsecount="0"/>
          <line num="30" count="13" type="stmt"/>
          <line num="31" count="13" type="stmt"/>
          <line num="33" count="72" type="cond" truecount="2" falsecount="0"/>
          <line num="34" count="45" type="stmt"/>
          <line num="35" count="45" type="stmt"/>
          <line num="38" count="10" type="stmt"/>
          <line num="48" count="2" type="stmt"/>
          <line num="52" count="10" type="cond" truecount="2" falsecount="0"/>
          <line num="53" count="10" type="stmt"/>
        </file>
        <file name="DayContainer.js" path="/Users/gouravnema/Projects/interview/buildit/src/ui/js/components/DayContainer.js">
          <metrics statements="19" coveredstatements="18" conditionals="2" coveredconditionals="2" methods="5" coveredmethods="4"/>
          <line num="7" count="1" type="stmt"/>
          <line num="11" count="1" type="stmt"/>
          <line num="12" count="1" type="stmt"/>
          <line num="13" count="1" type="stmt"/>
          <line num="14" count="1" type="stmt"/>
          <line num="15" count="40" type="stmt"/>
          <line num="16" count="40" type="stmt"/>
          <line num="17" count="40" type="stmt"/>
          <line num="18" count="40" type="cond" truecount="2" falsecount="0"/>
          <line num="19" count="34" type="stmt"/>
          <line num="20" count="34" type="stmt"/>
          <line num="22" count="6" type="stmt"/>
          <line num="25" count="1" type="stmt"/>
          <line num="26" count="6" type="stmt"/>
          <line num="28" count="1" type="stmt"/>
          <line num="32" count="1" type="stmt"/>
          <line num="37" count="0" type="stmt"/>
          <line num="48" count="1" type="stmt"/>
          <line num="49" count="1" type="stmt"/>
        </file>
        <file name="HourlyList.js" path="/Users/gouravnema/Projects/interview/buildit/src/ui/js/components/HourlyList.js">
          <metrics statements="3" coveredstatements="3" conditionals="0" coveredconditionals="0" methods="2" coveredmethods="2"/>
          <line num="6" count="10" type="stmt"/>
          <line num="7" count="72" type="stmt"/>
          <line num="14" count="10" type="stmt"/>
        </file>
        <file name="TimeOfDay.js" path="/Users/gouravnema/Projects/interview/buildit/src/ui/js/components/TimeOfDay.js">
          <metrics statements="4" coveredstatements="4" conditionals="0" coveredconditionals="0" methods="1" coveredmethods="1"/>
          <line num="6" count="113" type="stmt"/>
          <line num="7" count="113" type="stmt"/>
          <line num="8" count="113" type="stmt"/>
          <line num="9" count="113" type="stmt"/>
        </file>
      </package>
      <package name="js.data">
        <metrics statements="7" coveredstatements="7" conditionals="0" coveredconditionals="0" methods="4" coveredmethods="3"/>
        <file name="LocalStoreData.js" path="/Users/gouravnema/Projects/interview/buildit/src/ui/js/data/LocalStoreData.js">
          <metrics statements="3" coveredstatements="3" conditionals="0" coveredconditionals="0" methods="2" coveredmethods="2"/>
          <line num="3" count="1" type="stmt"/>
          <line num="4" count="1" type="stmt"/>
          <line num="8" count="1" type="stmt"/>
        </file>
        <file name="servers.js" path="/Users/gouravnema/Projects/interview/buildit/src/ui/js/data/servers.js">
          <metrics statements="4" coveredstatements="4" conditionals="0" coveredconditionals="0" methods="2" coveredmethods="1"/>
          <line num="1" count="1" type="stmt"/>
          <line num="2" count="1" type="stmt"/>
          <line num="10" count="1" type="stmt"/>
          <line num="11" count="1" type="stmt"/>
        </file>
      </package>
      <package name="js.reducers">
        <metrics statements="23" coveredstatements="23" conditionals="5" coveredconditionals="5" methods="9" coveredmethods="9"/>
        <file name="AppReducer.js" path="/Users/gouravnema/Projects/interview/buildit/src/ui/js/reducers/AppReducer.js">
          <metrics statements="4" coveredstatements="4" conditionals="0" coveredconditionals="0" methods="2" coveredmethods="2"/>
          <line num="5" count="2" type="stmt"/>
          <line num="6" count="2" type="stmt"/>
          <line num="9" count="2" type="stmt"/>
          <line num="13" count="1" type="stmt"/>
        </file>
        <file name="BaseReducer.js" path="/Users/gouravnema/Projects/interview/buildit/src/ui/js/reducers/BaseReducer.js">
          <metrics statements="10" coveredstatements="10" conditionals="5" coveredconditionals="5" methods="5" coveredmethods="5"/>
          <line num="3" count="4" type="stmt"/>
          <line num="4" count="4" type="stmt"/>
          <line num="8" count="8" type="stmt"/>
          <line num="12" count="8" type="stmt"/>
          <line num="16" count="4" type="cond" truecount="1" falsecount="0"/>
          <line num="17" count="8" type="cond" truecount="2" falsecount="0"/>
          <line num="18" count="8" type="stmt"/>
          <line num="19" count="8" type="cond" truecount="2" falsecount="0"/>
          <line num="20" count="2" type="stmt"/>
          <line num="22" count="6" type="stmt"/>
        </file>
        <file name="DataReducer.js" path="/Users/gouravnema/Projects/interview/buildit/src/ui/js/reducers/DataReducer.js">
          <metrics statements="7" coveredstatements="7" conditionals="0" coveredconditionals="0" methods="2" coveredmethods="2"/>
          <line num="5" count="2" type="stmt"/>
          <line num="6" count="2" type="stmt"/>
          <line num="9" count="2" type="stmt"/>
          <line num="13" count="1" type="stmt"/>
          <line num="14" count="1" type="stmt"/>
          <line num="15" count="1" type="stmt"/>
          <line num="16" count="1" type="stmt"/>
        </file>
        <file name="combined.js" path="/Users/gouravnema/Projects/interview/buildit/src/ui/js/reducers/combined.js">
          <metrics statements="2" coveredstatements="2" conditionals="0" coveredconditionals="0" methods="0" coveredmethods="0"/>
          <line num="5" count="1" type="stmt"/>
          <line num="6" count="1" type="stmt"/>
        </file>
      </package>
    </metrics>
  </project>
</coverage>
