{"/Users/gouravnema/Projects/interview/buildit/src/ui/js/store.js": {"path":"/Users/gouravnema/Projects/interview/buildit/src/ui/js/store.js","statementMap":{"0":{"start":{"line":5,"column":4},"end":{"line":5,"column":39}}},"fnMap":{"0":{"name":"(anonymous_0)","decl":{"start":{"line":4,"column":15},"end":{"line":4,"column":16}},"loc":{"start":{"line":4,"column":32},"end":{"line":6,"column":1}},"line":4}},"branchMap":{},"s":{"0":1},"f":{"0":1},"b":{},"_coverageSchema":"332fd63041d2c1bcb487cc26dd0d5f7d97098a6c","hash":"2b574c5d26279ff025ade58a48eb3c4be4ce26cc"}
,"/Users/gouravnema/Projects/interview/buildit/src/ui/js/components/DayCard.js": {"path":"/Users/gouravnema/Projects/interview/buildit/src/ui/js/components/DayCard.js","statementMap":{"0":{"start":{"line":7,"column":8},"end":{"line":7,"column":20}},"1":{"start":{"line":8,"column":8},"end":{"line":8,"column":37}},"2":{"start":{"line":9,"column":8},"end":{"line":9,"column":52}},"3":{"start":{"line":13,"column":22},"end":{"line":13,"column":47}},"4":{"start":{"line":14,"column":26},"end":{"line":14,"column":48}},"5":{"start":{"line":15,"column":22},"end":{"line":15,"column":46}},"6":{"start":{"line":16,"column":26},"end":{"line":16,"column":50}},"7":{"start":{"line":18,"column":8},"end":{"line":37,"column":9}},"8":{"start":{"line":19,"column":23},"end":{"line":19,"column":48}},"9":{"start":{"line":20,"column":12},"end":{"line":23,"column":13}},"10":{"start":{"line":21,"column":16},"end":{"line":21,"column":42}},"11":{"start":{"line":22,"column":16},"end":{"line":22,"column":46}},"12":{"start":{"line":24,"column":12},"end":{"line":27,"column":13}},"13":{"start":{"line":25,"column":16},"end":{"line":25,"column":42}},"14":{"start":{"line":26,"column":16},"end":{"line":26,"column":46}},"15":{"start":{"line":29,"column":12},"end":{"line":32,"column":13}},"16":{"start":{"line":30,"column":16},"end":{"line":30,"column":50}},"17":{"start":{"line":31,"column":16},"end":{"line":31,"column":50}},"18":{"start":{"line":33,"column":12},"end":{"line":36,"column":13}},"19":{"start":{"line":34,"column":16},"end":{"line":34,"column":50}},"20":{"start":{"line":35,"column":16},"end":{"line":35,"column":50}},"21":{"start":{"line":38,"column":8},"end":{"line":43,"column":25}},"22":{"start":{"line":48,"column":8},"end":{"line":48,"column":54}},"23":{"start":{"line":52,"column":27},"end":{"line":52,"column":93}},"24":{"start":{"line":53,"column":8},"end":{"line":68,"column":14}}},"fnMap":{"0":{"name":"(anonymous_0)","decl":{"start":{"line":6,"column":4},"end":{"line":6,"column":5}},"loc":{"start":{"line":6,"column":23},"end":{"line":10,"column":5}},"line":6},"1":{"name":"(anonymous_1)","decl":{"start":{"line":12,"column":4},"end":{"line":12,"column":5}},"loc":{"start":{"line":12,"column":24},"end":{"line":44,"column":5}},"line":12},"2":{"name":"(anonymous_2)","decl":{"start":{"line":47,"column":4},"end":{"line":47,"column":5}},"loc":{"start":{"line":47,"column":17},"end":{"line":49,"column":5}},"line":47},"3":{"name":"(anonymous_3)","decl":{"start":{"line":51,"column":4},"end":{"line":51,"column":5}},"loc":{"start":{"line":51,"column":13},"end":{"line":69,"column":5}},"line":51}},"branchMap":{"0":{"loc":{"start":{"line":20,"column":12},"end":{"line":23,"column":13}},"type":"if","locations":[{"start":{"line":20,"column":12},"end":{"line":23,"column":13}},{"start":{"line":20,"column":12},"end":{"line":23,"column":13}}],"line":20},"1":{"loc":{"start":{"line":24,"column":12},"end":{"line":27,"column":13}},"type":"if","locations":[{"start":{"line":24,"column":12},"end":{"line":27,"column":13}},{"start":{"line":24,"column":12},"end":{"line":27,"column":13}}],"line":24},"2":{"loc":{"start":{"line":29,"column":12},"end":{"line":32,"column":13}},"type":"if","locations":[{"start":{"line":29,"column":12},"end":{"line":32,"column":13}},{"start":{"line":29,"column":12},"end":{"line":32,"column":13}}],"line":29},"3":{"loc":{"start":{"line":33,"column":12},"end":{"line":36,"column":13}},"type":"if","locations":[{"start":{"line":33,"column":12},"end":{"line":36,"column":13}},{"start":{"line":33,"column":12},"end":{"line":36,"column":13}}],"line":33},"4":{"loc":{"start":{"line":52,"column":27},"end":{"line":52,"column":93}},"type":"cond-expr","locations":[{"start":{"line":52,"column":48},"end":{"line":52,"column":73}},{"start":{"line":52,"column":76},"end":{"line":52,"column":93}}],"line":52}},"s":{"0":8,"1":8,"2":8,"3":10,"4":10,"5":10,"6":10,"7":10,"8":72,"9":72,"10":37,"11":37,"12":72,"13":12,"14":12,"15":72,"16":13,"17":13,"18":72,"19":45,"20":45,"21":10,"22":2,"23":10,"24":10},"f":{"0":8,"1":10,"2":2,"3":10},"b":{"0":[37,35],"1":[12,60],"2":[13,59],"3":[45,27],"4":[1,9]},"_coverageSchema":"332fd63041d2c1bcb487cc26dd0d5f7d97098a6c","hash":"41973540d9b0d00629bef519e0ddb2af319c343d"}
,"/Users/gouravnema/Projects/interview/buildit/src/ui/js/components/DayContainer.js": {"path":"/Users/gouravnema/Projects/interview/buildit/src/ui/js/components/DayContainer.js","statementMap":{"0":{"start":{"line":7,"column":8},"end":{"line":7,"column":20}},"1":{"start":{"line":11,"column":27},"end":{"line":11,"column":50}},"2":{"start":{"line":12,"column":19},"end":{"line":12,"column":21}},"3":{"start":{"line":13,"column":29},"end":{"line":13,"column":31}},"4":{"start":{"line":14,"column":8},"end":{"line":23,"column":9}},"5":{"start":{"line":15,"column":30},"end":{"line":15,"column":58}},"6":{"start":{"line":16,"column":12},"end":{"line":16,"column":64}},"7":{"start":{"line":17,"column":22},"end":{"line":17,"column":64}},"8":{"start":{"line":18,"column":12},"end":{"line":21,"column":13}},"9":{"start":{"line":19,"column":16},"end":{"line":19,"column":44}},"10":{"start":{"line":20,"column":16},"end":{"line":20,"column":25}},"11":{"start":{"line":22,"column":12},"end":{"line":22,"column":38}},"12":{"start":{"line":25,"column":8},"end":{"line":27,"column":9}},"13":{"start":{"line":26,"column":12},"end":{"line":26,"column":113}},"14":{"start":{"line":28,"column":8},"end":{"line":28,"column":30}},"15":{"start":{"line":32,"column":8},"end":{"line":43,"column":25}},"16":{"start":{"line":37,"column":44},"end":{"line":37,"column":64}},"17":{"start":{"line":48,"column":24},"end":{"line":50,"column":1}},"18":{"start":{"line":49,"column":4},"end":{"line":49,"column":86}}},"fnMap":{"0":{"name":"(anonymous_0)","decl":{"start":{"line":6,"column":4},"end":{"line":6,"column":5}},"loc":{"start":{"line":6,"column":23},"end":{"line":8,"column":5}},"line":6},"1":{"name":"(anonymous_1)","decl":{"start":{"line":10,"column":4},"end":{"line":10,"column":5}},"loc":{"start":{"line":10,"column":17},"end":{"line":29,"column":5}},"line":10},"2":{"name":"(anonymous_2)","decl":{"start":{"line":31,"column":4},"end":{"line":31,"column":5}},"loc":{"start":{"line":31,"column":13},"end":{"line":44,"column":5}},"line":31},"3":{"name":"(anonymous_3)","decl":{"start":{"line":37,"column":37},"end":{"line":37,"column":38}},"loc":{"start":{"line":37,"column":44},"end":{"line":37,"column":64}},"line":37},"4":{"name":"(anonymous_4)","decl":{"start":{"line":48,"column":24},"end":{"line":48,"column":25}},"loc":{"start":{"line":48,"column":41},"end":{"line":50,"column":1}},"line":48}},"branchMap":{"0":{"loc":{"start":{"line":18,"column":12},"end":{"line":21,"column":13}},"type":"if","locations":[{"start":{"line":18,"column":12},"end":{"line":21,"column":13}},{"start":{"line":18,"column":12},"end":{"line":21,"column":13}}],"line":18}},"s":{"0":1,"1":1,"2":1,"3":1,"4":1,"5":40,"6":40,"7":40,"8":40,"9":34,"10":34,"11":6,"12":1,"13":6,"14":1,"15":1,"16":0,"17":1,"18":1},"f":{"0":1,"1":1,"2":1,"3":0,"4":1},"b":{"0":[34,6]},"_coverageSchema":"332fd63041d2c1bcb487cc26dd0d5f7d97098a6c","hash":"ab06b24b2738054e3b789271b9ef3dd258d555f1"}
,"/Users/gouravnema/Projects/interview/buildit/src/ui/js/components/HourlyList.js": {"path":"/Users/gouravnema/Projects/interview/buildit/src/ui/js/components/HourlyList.js","statementMap":{"0":{"start":{"line":6,"column":24},"end":{"line":13,"column":10}},"1":{"start":{"line":7,"column":12},"end":{"line":12,"column":17}},"2":{"start":{"line":14,"column":8},"end":{"line":26,"column":16}}},"fnMap":{"0":{"name":"(anonymous_0)","decl":{"start":{"line":5,"column":4},"end":{"line":5,"column":5}},"loc":{"start":{"line":5,"column":13},"end":{"line":27,"column":5}},"line":5},"1":{"name":"(anonymous_1)","decl":{"start":{"line":6,"column":44},"end":{"line":6,"column":45}},"loc":{"start":{"line":6,"column":51},"end":{"line":13,"column":9}},"line":6}},"branchMap":{},"s":{"0":10,"1":72,"2":10},"f":{"0":10,"1":72},"b":{},"_coverageSchema":"332fd63041d2c1bcb487cc26dd0d5f7d97098a6c","hash":"48f74246361d53beb8178a457724e5b6730120d5"}
,"/Users/gouravnema/Projects/interview/buildit/src/ui/js/components/TimeOfDay.js": {"path":"/Users/gouravnema/Projects/interview/buildit/src/ui/js/components/TimeOfDay.js","statementMap":{"0":{"start":{"line":6,"column":19},"end":{"line":6,"column":56}},"1":{"start":{"line":7,"column":8},"end":{"line":7,"column":40}},"2":{"start":{"line":8,"column":24},"end":{"line":8,"column":65}},"3":{"start":{"line":9,"column":8},"end":{"line":11,"column":19}}},"fnMap":{"0":{"name":"(anonymous_0)","decl":{"start":{"line":5,"column":4},"end":{"line":5,"column":5}},"loc":{"start":{"line":5,"column":12},"end":{"line":12,"column":5}},"line":5}},"branchMap":{},"s":{"0":113,"1":113,"2":113,"3":113},"f":{"0":113},"b":{},"_coverageSchema":"332fd63041d2c1bcb487cc26dd0d5f7d97098a6c","hash":"32cef307f1c7e08b7b71ac906793f2bdc0e36729"}
,"/Users/gouravnema/Projects/interview/buildit/src/ui/js/data/LocalStoreData.js": {"path":"/Users/gouravnema/Projects/interview/buildit/src/ui/js/data/LocalStoreData.js","statementMap":{"0":{"start":{"line":3,"column":8},"end":{"line":3,"column":36}},"1":{"start":{"line":4,"column":8},"end":{"line":4,"column":43}},"2":{"start":{"line":8,"column":8},"end":{"line":8,"column":56}}},"fnMap":{"0":{"name":"(anonymous_0)","decl":{"start":{"line":2,"column":4},"end":{"line":2,"column":5}},"loc":{"start":{"line":2,"column":15},"end":{"line":5,"column":5}},"line":2},"1":{"name":"(anonymous_1)","decl":{"start":{"line":7,"column":4},"end":{"line":7,"column":5}},"loc":{"start":{"line":7,"column":11},"end":{"line":9,"column":5}},"line":7}},"branchMap":{},"s":{"0":1,"1":1,"2":1},"f":{"0":1,"1":1},"b":{},"_coverageSchema":"332fd63041d2c1bcb487cc26dd0d5f7d97098a6c","hash":"fb8f045149dfe7af8f6d9a74ae2267fa6a822fd0"}
,"/Users/gouravnema/Projects/interview/buildit/src/ui/js/data/servers.js": {"path":"/Users/gouravnema/Projects/interview/buildit/src/ui/js/data/servers.js","statementMap":{"0":{"start":{"line":1,"column":16},"end":{"line":1,"column":50}},"1":{"start":{"line":2,"column":16},"end":{"line":2,"column":23}},"2":{"start":{"line":10,"column":18},"end":{"line":10,"column":103}},"3":{"start":{"line":11,"column":8},"end":{"line":11,"column":62}},"4":{"start":{"line":11,"column":44},"end":{"line":11,"column":60}}},"fnMap":{"0":{"name":"(anonymous_0)","decl":{"start":{"line":9,"column":4},"end":{"line":9,"column":5}},"loc":{"start":{"line":9,"column":30},"end":{"line":12,"column":5}},"line":9},"1":{"name":"(anonymous_1)","decl":{"start":{"line":11,"column":31},"end":{"line":11,"column":32}},"loc":{"start":{"line":11,"column":44},"end":{"line":11,"column":60}},"line":11}},"branchMap":{},"s":{"0":1,"1":1,"2":1,"3":1,"4":0},"f":{"0":1,"1":0},"b":{},"_coverageSchema":"332fd63041d2c1bcb487cc26dd0d5f7d97098a6c","hash":"a76d632f2e417ba19dd37f2e3596a0aae5913bde"}
,"/Users/gouravnema/Projects/interview/buildit/src/ui/js/reducers/AppReducer.js": {"path":"/Users/gouravnema/Projects/interview/buildit/src/ui/js/reducers/AppReducer.js","statementMap":{"0":{"start":{"line":5,"column":8},"end":{"line":5,"column":16}},"1":{"start":{"line":6,"column":8},"end":{"line":8,"column":10}},"2":{"start":{"line":9,"column":8},"end":{"line":9,"column":46}},"3":{"start":{"line":13,"column":8},"end":{"line":13,"column":45}}},"fnMap":{"0":{"name":"(anonymous_0)","decl":{"start":{"line":4,"column":4},"end":{"line":4,"column":5}},"loc":{"start":{"line":4,"column":17},"end":{"line":10,"column":5}},"line":4},"1":{"name":"(anonymous_1)","decl":{"start":{"line":12,"column":4},"end":{"line":12,"column":5}},"loc":{"start":{"line":12,"column":29},"end":{"line":14,"column":5}},"line":12}},"branchMap":{},"s":{"0":2,"1":2,"2":2,"3":1},"f":{"0":2,"1":1},"b":{},"_coverageSchema":"332fd63041d2c1bcb487cc26dd0d5f7d97098a6c","hash":"634ce16588b265dffbd666f298bc333316c330b5"}
,"/Users/gouravnema/Projects/interview/buildit/src/ui/js/reducers/BaseReducer.js": {"path":"/Users/gouravnema/Projects/interview/buildit/src/ui/js/reducers/BaseReducer.js","statementMap":{"0":{"start":{"line":3,"column":8},"end":{"line":3,"column":26}},"1":{"start":{"line":4,"column":8},"end":{"line":4,"column":31}},"2":{"start":{"line":8,"column":8},"end":{"line":8,"column":48}},"3":{"start":{"line":12,"column":8},"end":{"line":12,"column":50}},"4":{"start":{"line":16,"column":8},"end":{"line":23,"column":22}},"5":{"start":{"line":17,"column":12},"end":{"line":17,"column":47}},"6":{"start":{"line":18,"column":30},"end":{"line":18,"column":47}},"7":{"start":{"line":19,"column":12},"end":{"line":21,"column":13}},"8":{"start":{"line":20,"column":16},"end":{"line":20,"column":70}},"9":{"start":{"line":22,"column":12},"end":{"line":22,"column":31}}},"fnMap":{"0":{"name":"(anonymous_0)","decl":{"start":{"line":2,"column":4},"end":{"line":2,"column":5}},"loc":{"start":{"line":2,"column":18},"end":{"line":5,"column":5}},"line":2},"1":{"name":"(anonymous_1)","decl":{"start":{"line":7,"column":4},"end":{"line":7,"column":5}},"loc":{"start":{"line":7,"column":16},"end":{"line":9,"column":5}},"line":7},"2":{"name":"(anonymous_2)","decl":{"start":{"line":11,"column":4},"end":{"line":11,"column":5}},"loc":{"start":{"line":11,"column":25},"end":{"line":13,"column":5}},"line":11},"3":{"name":"(anonymous_3)","decl":{"start":{"line":15,"column":4},"end":{"line":15,"column":5}},"loc":{"start":{"line":15,"column":17},"end":{"line":24,"column":5}},"line":15},"4":{"name":"(anonymous_4)","decl":{"start":{"line":16,"column":16},"end":{"line":16,"column":17}},"loc":{"start":{"line":16,"column":48},"end":{"line":23,"column":9}},"line":16}},"branchMap":{"0":{"loc":{"start":{"line":16,"column":26},"end":{"line":16,"column":38}},"type":"default-arg","locations":[{"start":{"line":16,"column":34},"end":{"line":16,"column":38}}],"line":16},"1":{"loc":{"start":{"line":17,"column":20},"end":{"line":17,"column":46}},"type":"binary-expr","locations":[{"start":{"line":17,"column":20},"end":{"line":17,"column":25}},{"start":{"line":17,"column":29},"end":{"line":17,"column":46}}],"line":17},"2":{"loc":{"start":{"line":19,"column":12},"end":{"line":21,"column":13}},"type":"if","locations":[{"start":{"line":19,"column":12},"end":{"line":21,"column":13}},{"start":{"line":19,"column":12},"end":{"line":21,"column":13}}],"line":19}},"s":{"0":4,"1":4,"2":8,"3":8,"4":4,"5":8,"6":8,"7":8,"8":2,"9":6},"f":{"0":4,"1":8,"2":8,"3":4,"4":8},"b":{"0":[6],"1":[8,8],"2":[2,6]},"_coverageSchema":"332fd63041d2c1bcb487cc26dd0d5f7d97098a6c","hash":"e66c6b031cf516b4d8d8c4c762cb9ae7f8db11d6"}
,"/Users/gouravnema/Projects/interview/buildit/src/ui/js/reducers/DataReducer.js": {"path":"/Users/gouravnema/Projects/interview/buildit/src/ui/js/reducers/DataReducer.js","statementMap":{"0":{"start":{"line":5,"column":8},"end":{"line":5,"column":16}},"1":{"start":{"line":6,"column":8},"end":{"line":8,"column":10}},"2":{"start":{"line":9,"column":8},"end":{"line":9,"column":46}},"3":{"start":{"line":13,"column":8},"end":{"line":13,"column":68}},"4":{"start":{"line":14,"column":8},"end":{"line":14,"column":93}},"5":{"start":{"line":15,"column":8},"end":{"line":15,"column":76}},"6":{"start":{"line":16,"column":8},"end":{"line":16,"column":20}}},"fnMap":{"0":{"name":"(anonymous_0)","decl":{"start":{"line":4,"column":4},"end":{"line":4,"column":5}},"loc":{"start":{"line":4,"column":17},"end":{"line":10,"column":5}},"line":4},"1":{"name":"(anonymous_1)","decl":{"start":{"line":12,"column":4},"end":{"line":12,"column":5}},"loc":{"start":{"line":12,"column":32},"end":{"line":17,"column":5}},"line":12}},"branchMap":{},"s":{"0":2,"1":2,"2":2,"3":1,"4":1,"5":1,"6":1},"f":{"0":2,"1":1},"b":{},"_coverageSchema":"332fd63041d2c1bcb487cc26dd0d5f7d97098a6c","hash":"ab69de10d7e3e67d54cf46e93b25676f34de0997"}
,"/Users/gouravnema/Projects/interview/buildit/src/ui/js/reducers/combined.js": {"path":"/Users/gouravnema/Projects/interview/buildit/src/ui/js/reducers/combined.js","statementMap":{"0":{"start":{"line":5,"column":20},"end":{"line":5,"column":37}},"1":{"start":{"line":6,"column":19},"end":{"line":6,"column":35}}},"fnMap":{},"branchMap":{},"s":{"0":1,"1":1},"f":{},"b":{},"_coverageSchema":"332fd63041d2c1bcb487cc26dd0d5f7d97098a6c","hash":"b9a1d7939008f2bc6b8ba0168dbdf800787ae27b"}
}
