TN:
SF:/Users/gouravnema/Projects/interview/buildit/src/ui/js/store.js
FN:4,(anonymous_0)
FNF:1
FNH:1
FNDA:1,(anonymous_0)
DA:5,1
LF:1
LH:1
BRF:0
BRH:0
end_of_record
TN:
SF:/Users/gouravnema/Projects/interview/buildit/src/ui/js/components/DayCard.js
FN:6,(anonymous_0)
FN:12,(anonymous_1)
FN:47,(anonymous_2)
FN:51,(anonymous_3)
FNF:4
FNH:4
FNDA:8,(anonymous_0)
FNDA:10,(anonymous_1)
FNDA:2,(anonymous_2)
FNDA:10,(anonymous_3)
DA:7,8
DA:8,8
DA:9,8
DA:13,10
DA:14,10
DA:15,10
DA:16,10
DA:18,10
DA:19,72
DA:20,72
DA:21,37
DA:22,37
DA:24,72
DA:25,12
DA:26,12
DA:29,72
DA:30,13
DA:31,13
DA:33,72
DA:34,45
DA:35,45
DA:38,10
DA:48,2
DA:52,10
DA:53,10
LF:25
LH:25
BRDA:20,0,0,37
BRDA:20,0,1,35
BRDA:24,1,0,12
BRDA:24,1,1,60
BRDA:29,2,0,13
BRDA:29,2,1,59
BRDA:33,3,0,45
BRDA:33,3,1,27
BRDA:52,4,0,1
BRDA:52,4,1,9
BRF:10
BRH:10
end_of_record
TN:
SF:/Users/gouravnema/Projects/interview/buildit/src/ui/js/components/DayContainer.js
FN:6,(anonymous_0)
FN:10,(anonymous_1)
FN:31,(anonymous_2)
FN:37,(anonymous_3)
FN:48,(anonymous_4)
FNF:5
FNH:4
FNDA:1,(anonymous_0)
FNDA:1,(anonymous_1)
FNDA:1,(anonymous_2)
FNDA:0,(anonymous_3)
FNDA:1,(anonymous_4)
DA:7,1
DA:11,1
DA:12,1
DA:13,1
DA:14,1
DA:15,40
DA:16,40
DA:17,40
DA:18,40
DA:19,34
DA:20,34
DA:22,6
DA:25,1
DA:26,6
DA:28,1
DA:32,1
DA:37,0
DA:48,1
DA:49,1
LF:19
LH:18
BRDA:18,0,0,34
BRDA:18,0,1,6
BRF:2
BRH:2
end_of_record
TN:
SF:/Users/gouravnema/Projects/interview/buildit/src/ui/js/components/HourlyList.js
FN:5,(anonymous_0)
FN:6,(anonymous_1)
FNF:2
FNH:2
FNDA:10,(anonymous_0)
FNDA:72,(anonymous_1)
DA:6,10
DA:7,72
DA:14,10
LF:3
LH:3
BRF:0
BRH:0
end_of_record
TN:
SF:/Users/gouravnema/Projects/interview/buildit/src/ui/js/components/TimeOfDay.js
FN:5,(anonymous_0)
FNF:1
FNH:1
FNDA:113,(anonymous_0)
DA:6,113
DA:7,113
DA:8,113
DA:9,113
LF:4
LH:4
BRF:0
BRH:0
end_of_record
TN:
SF:/Users/gouravnema/Projects/interview/buildit/src/ui/js/data/LocalStoreData.js
FN:2,(anonymous_0)
FN:7,(anonymous_1)
FNF:2
FNH:2
FNDA:1,(anonymous_0)
FNDA:1,(anonymous_1)
DA:3,1
DA:4,1
DA:8,1
LF:3
LH:3
BRF:0
BRH:0
end_of_record
TN:
SF:/Users/gouravnema/Projects/interview/buildit/src/ui/js/data/servers.js
FN:9,(anonymous_0)
FN:11,(anonymous_1)
FNF:2
FNH:1
FNDA:1,(anonymous_0)
FNDA:0,(anonymous_1)
DA:1,1
DA:2,1
DA:10,1
DA:11,1
LF:4
LH:4
BRF:0
BRH:0
end_of_record
TN:
SF:/Users/gouravnema/Projects/interview/buildit/src/ui/js/reducers/AppReducer.js
FN:4,(anonymous_0)
FN:12,(anonymous_1)
FNF:2
FNH:2
FNDA:2,(anonymous_0)
FNDA:1,(anonymous_1)
DA:5,2
DA:6,2
DA:9,2
DA:13,1
LF:4
LH:4
BRF:0
BRH:0
end_of_record
TN:
SF:/Users/gouravnema/Projects/interview/buildit/src/ui/js/reducers/BaseReducer.js
FN:2,(anonymous_0)
FN:7,(anonymous_1)
FN:11,(anonymous_2)
FN:15,(anonymous_3)
FN:16,(anonymous_4)
FNF:5
FNH:5
FNDA:4,(anonymous_0)
FNDA:8,(anonymous_1)
FNDA:8,(anonymous_2)
FNDA:4,(anonymous_3)
FNDA:8,(anonymous_4)
DA:3,4
DA:4,4
DA:8,8
DA:12,8
DA:16,4
DA:17,8
DA:18,8
DA:19,8
DA:20,2
DA:22,6
LF:10
LH:10
BRDA:16,0,0,6
BRDA:17,1,0,8
BRDA:17,1,1,8
BRDA:19,2,0,2
BRDA:19,2,1,6
BRF:5
BRH:5
end_of_record
TN:
SF:/Users/gouravnema/Projects/interview/buildit/src/ui/js/reducers/DataReducer.js
FN:4,(anonymous_0)
FN:12,(anonymous_1)
FNF:2
FNH:2
FNDA:2,(anonymous_0)
FNDA:1,(anonymous_1)
DA:5,2
DA:6,2
DA:9,2
DA:13,1
DA:14,1
DA:15,1
DA:16,1
LF:7
LH:7
BRF:0
BRH:0
end_of_record
TN:
SF:/Users/gouravnema/Projects/interview/buildit/src/ui/js/reducers/combined.js
FNF:0
FNH:0
DA:5,1
DA:6,1
LF:2
LH:2
BRF:0
BRH:0
end_of_record
